<?xml version="1.0" encoding="UTF-8"?>
<robot generator="Robot 7.3.2 (Python 3.14.0 on linux)" generated="2025-11-17T22:21:38.430339" rpa="false" schemaversion="5">
<suite id="s1" name="Tests" source="/home/vintran/webcounter/viikko3/webcounter/src/tests">
<suite id="s1-s1" name="Increment" source="/home/vintran/webcounter/viikko3/webcounter/src/tests/increment.robot">
<kw name="Open And Configure Browser" owner="resource" type="SETUP">
<kw name="Set Selenium Speed" owner="SeleniumLibrary">
<arg>${DELAY}</arg>
<doc>Sets the delay that is waited after each Selenium command.</doc>
<status status="PASS" start="2025-11-17T22:21:38.610580" elapsed="0.000397"/>
</kw>
<kw name="Open Browser" owner="SeleniumLibrary">
<msg time="2025-11-17T22:21:38.611481" level="INFO">Opening browser 'chrome' to base url 'None'.</msg>
<arg>browser=${BROWSER}</arg>
<doc>Opens a new browser instance to the optional ``url``.</doc>
<status status="PASS" start="2025-11-17T22:21:38.611200" elapsed="0.713845"/>
</kw>
<status status="PASS" start="2025-11-17T22:21:38.609701" elapsed="0.715650"/>
</kw>
<test id="s1-s1-t1" name="At start the counter is zero" line="7">
<kw name="Go To" owner="SeleniumLibrary">
<msg time="2025-11-17T22:21:39.326404" level="INFO">Opening url 'http://localhost:5001'</msg>
<arg>${HOME_URL}</arg>
<doc>Navigates the current browser window to the provided ``url``.</doc>
<status status="PASS" start="2025-11-17T22:21:39.326132" elapsed="0.636558"/>
</kw>
<kw name="Title Should Be" owner="SeleniumLibrary">
<msg time="2025-11-17T22:21:40.477115" level="INFO">Page title is 'Laskuri'.</msg>
<arg>Laskuri</arg>
<doc>Verifies that the current page title equals ``title``.</doc>
<status status="PASS" start="2025-11-17T22:21:39.964038" elapsed="0.513646"/>
</kw>
<kw name="Page Should Contain" owner="SeleniumLibrary">
<msg time="2025-11-17T22:21:41.511002" level="INFO">Current page contains text 'nappia painettu 0 kertaa'.</msg>
<arg>nappia painettu 0 kertaa</arg>
<doc>Verifies that current page contains ``text``.</doc>
<status status="PASS" start="2025-11-17T22:21:40.479070" elapsed="1.032170"/>
</kw>
<status status="PASS" start="2025-11-17T22:21:39.325496" elapsed="2.186151"/>
</test>
<test id="s1-s1-t2" name="When button pressed twice the counter is two" line="12">
<kw name="Go To" owner="SeleniumLibrary">
<msg time="2025-11-17T22:21:41.512950" level="INFO">Opening url 'http://localhost:5001'</msg>
<arg>${HOME_URL}</arg>
<doc>Navigates the current browser window to the provided ``url``.</doc>
<status status="PASS" start="2025-11-17T22:21:41.512678" elapsed="0.555822"/>
</kw>
<kw name="Click Button" owner="SeleniumLibrary">
<msg time="2025-11-17T22:21:42.070334" level="INFO">Clicking button 'Paina'.</msg>
<arg>Paina</arg>
<doc>Clicks the button identified by ``locator``.</doc>
<status status="PASS" start="2025-11-17T22:21:42.069231" elapsed="2.154999"/>
</kw>
<kw name="Click Button" owner="SeleniumLibrary">
<msg time="2025-11-17T22:21:44.226262" level="INFO">Clicking button 'Paina'.</msg>
<arg>Paina</arg>
<doc>Clicks the button identified by ``locator``.</doc>
<status status="PASS" start="2025-11-17T22:21:44.225402" elapsed="2.132895"/>
</kw>
<kw name="Page Should Contain" owner="SeleniumLibrary">
<msg time="2025-11-17T22:21:47.393116" level="INFO">Current page contains text 'nappia painettu 2 kertaa'.</msg>
<arg>nappia painettu 2 kertaa</arg>
<doc>Verifies that current page contains ``text``.</doc>
<status status="PASS" start="2025-11-17T22:21:46.360122" elapsed="1.033344"/>
</kw>
<status status="PASS" start="2025-11-17T22:21:41.512093" elapsed="5.881973"/>
</test>
<kw name="Close Browser" owner="SeleniumLibrary" type="TEARDOWN">
<doc>Closes the current browser.</doc>
<status status="PASS" start="2025-11-17T22:21:47.395311" elapsed="0.566391"/>
</kw>
<status status="PASS" start="2025-11-17T22:21:38.457701" elapsed="9.504229"/>
</suite>
<suite id="s1-s2" name="Reset" source="/home/vintran/webcounter/viikko3/webcounter/src/tests/reset.robot">
<kw name="Open And Configure Browser" owner="resource" type="SETUP">
<kw name="Set Selenium Speed" owner="SeleniumLibrary">
<arg>${DELAY}</arg>
<doc>Sets the delay that is waited after each Selenium command.</doc>
<status status="PASS" start="2025-11-17T22:21:47.969128" elapsed="0.000423"/>
</kw>
<kw name="Open Browser" owner="SeleniumLibrary">
<msg time="2025-11-17T22:21:47.970120" level="INFO">Opening browser 'chrome' to base url 'None'.</msg>
<arg>browser=${BROWSER}</arg>
<doc>Opens a new browser instance to the optional ``url``.</doc>
<status status="PASS" start="2025-11-17T22:21:47.969790" elapsed="0.654999"/>
</kw>
<status status="PASS" start="2025-11-17T22:21:47.968722" elapsed="0.656247"/>
</kw>
<test id="s1-s2-t1" name="When counter has a nonzero value and it is reset the value becomes zero" line="7">
<kw name="Go To" owner="SeleniumLibrary">
<msg time="2025-11-17T22:21:48.625908" level="INFO">Opening url 'http://localhost:5001'</msg>
<arg>${HOME_URL}</arg>
<doc>Navigates the current browser window to the provided ``url``.</doc>
<status status="PASS" start="2025-11-17T22:21:48.625676" elapsed="0.574200"/>
</kw>
<kw name="Click Button" owner="SeleniumLibrary">
<msg time="2025-11-17T22:21:49.201199" level="INFO">Clicking button 'Paina'.</msg>
<arg>Paina</arg>
<doc>Clicks the button identified by ``locator``.</doc>
<status status="PASS" start="2025-11-17T22:21:49.200630" elapsed="2.157657"/>
</kw>
<kw name="Click Button" owner="SeleniumLibrary">
<msg time="2025-11-17T22:21:51.360025" level="INFO">Clicking button 'Paina'.</msg>
<arg>Paina</arg>
<doc>Clicks the button identified by ``locator``.</doc>
<status status="PASS" start="2025-11-17T22:21:51.359376" elapsed="2.130661"/>
</kw>
<kw name="Click Button" owner="SeleniumLibrary">
<msg time="2025-11-17T22:21:53.492219" level="INFO">Clicking button 'Nollaa'.</msg>
<arg>Nollaa</arg>
<doc>Clicks the button identified by ``locator``.</doc>
<status status="PASS" start="2025-11-17T22:21:53.491292" elapsed="2.143200"/>
</kw>
<kw name="Page Should Contain" owner="SeleniumLibrary">
<msg time="2025-11-17T22:21:56.666259" level="INFO">Current page contains text 'nappia painettu 0 kertaa'.</msg>
<arg>nappia painettu 0 kertaa</arg>
<doc>Verifies that current page contains ``text``.</doc>
<status status="PASS" start="2025-11-17T22:21:55.636200" elapsed="1.030534"/>
</kw>
<status status="PASS" start="2025-11-17T22:21:48.625088" elapsed="8.042319"/>
</test>
<kw name="Close Browser" owner="SeleniumLibrary" type="TEARDOWN">
<doc>Closes the current browser.</doc>
<status status="PASS" start="2025-11-17T22:21:56.668596" elapsed="0.561532"/>
</kw>
<status status="PASS" start="2025-11-17T22:21:47.963833" elapsed="9.266500"/>
</suite>
<status status="PASS" start="2025-11-17T22:21:38.431332" elapsed="18.800457"/>
</suite>
<statistics>
<total>
<stat pass="3" fail="0" skip="0">All Tests</stat>
</total>
<tag>
</tag>
<suite>
<stat name="Tests" id="s1" pass="3" fail="0" skip="0">Tests</stat>
<stat name="Increment" id="s1-s1" pass="2" fail="0" skip="0">Tests.Increment</stat>
<stat name="Reset" id="s1-s2" pass="1" fail="0" skip="0">Tests.Reset</stat>
</suite>
</statistics>
<errors>
</errors>
</robot>
